<?xml version="1.0" encoding="UTF-8"?>
<testsuite xmlns:xsi="http://www.w3.org/2001/XMLSchema-instance" xsi:noNamespaceSchemaLocation="https://maven.apache.org/surefire/maven-surefire-plugin/xsd/surefire-test-report-3.0.xsd" version="3.0" name="com.softwareintitute.davis.gareth.minesweeper.tests.TileTest" time="0.099" tests="5" errors="0" skipped="0" failures="0">
  <properties>
[...]
</properties>
  <testcase name="test_increase_neighbour" classname="com.softwareintitute.davis.gareth.minesweeper.tests.TileTest" time="0.054"/>
  <testcase name="test_flag_tile" classname="com.softwareintitute.davis.gareth.minesweeper.tests.TileTest" time="0.002"/>
  <testcase name="test_reveal_tile" classname="com.softwareintitute.davis.gareth.minesweeper.tests.TileTest" time="0.001"/>
  <testcase name="test_set_bomb" classname="com.softwareintitute.davis.gareth.minesweeper.tests.TileTest" time="0.001"/>
  <testcase name="test_not_revealed" classname="com.softwareintitute.davis.gareth.minesweeper.tests.TileTest" time="0.001"/>
</testsuite>